<?xml version="1.0" encoding="UTF-8"?>
<!-- Generated by org.testng.reporters.JUnitReportReporter -->
<testsuite hostname="Sufiyaan-Lappy" failures="0" tests="1" name="TestRunner.FreeCRMrunner" time="12.648" errors="0" timestamp="2024-04-01T11:56:18 IST" skipped="0">
  <testcase classname="TestRunner.FreeCRMrunner" name="runScenario" time="12.648"/>
</testsuite> <!-- TestRunner.FreeCRMrunner -->
