<?xml version="1.0" encoding="UTF-8"?>
<!-- Generated by org.testng.reporters.JUnitReportReporter -->
<testsuite hostname="Sufiyaan-Lappy" failures="0" tests="1" name="TestRunner.SearchRun" time="5.128" errors="0" timestamp="2024-04-01T11:54:08 IST" skipped="0">
  <testcase classname="TestRunner.SearchRun" name="runScenario" time="5.128"/>
</testsuite> <!-- TestRunner.SearchRun -->
